<?xml version="1.0" encoding="UTF-8"?>
<!-- Generated by org.testng.reporters.JUnitReportReporter -->
<testsuite hostname="DESKTOP-1TM14HO" failures="0" tests="2" name="euler.test.P1_Multiples_of_3_or_5_Test" time="0.021" errors="0" timestamp="2021-12-05T20:53:27 IST" skipped="0">
  <testcase classname="euler.test.P1_Multiples_of_3_or_5_Test" name="test_10_v2" time="0.002"/>
  <system-out/>
  <testcase classname="euler.test.P1_Multiples_of_3_or_5_Test" name="test_10" time="0.019"/>
  <system-out/>
</testsuite> <!-- euler.test.P1_Multiples_of_3_or_5_Test -->
